app/build/outputs/mapping/release/seeds.txt
com.example.uhf.view.LazyViewPager: int getCurrentItem()
com.example.uhf.view.LazyViewPager: void setScrollState(int)
com.example.uhf.view.LazyViewPager: void setPageMarginDrawable(android.graphics.drawable.Drawable)
com.example.uhf.view.NoScrollViewPager: NoScrollViewPager(android.content.Context,android.util.AttributeSet)
com.example.uhf.fragment.GPIOFragment: void Output3OnClick(android.view.View)
com.example.uhf.fragment.UHFSetFragment: void onClick_rbOthers(android.view.View)
com.example.uhf.fragment.GPIOFragment: void Output3OffClick(android.view.View)
com.example.uhf.fragment.GPIOFragment
com.example.uhf.fragment.GPIOFragment: void Output4OffClick(android.view.View)
com.example.uhf.view.LazyViewPager: void setAdapter(androidx.viewpager.widget.PagerAdapter)
com.example.uhf.fragment.UHFSetFragment: void onClick_rbAmerica(android.view.View)
com.example.uhf.view.LazyViewPager: androidx.viewpager.widget.PagerAdapter getAdapter()
com.example.uhf.view.NoScrollViewPager
com.example.uhf.filebrowser.IconifiedTextView: void setText(java.lang.String)
com.example.uhf.view.NoScrollViewPager: void setCurrentItem(int)
com.example.uhf.view.LazyViewPager: void setPageMargin(int)
com.example.uhf.activity.BaseTabFragmentActivity: BaseTabFragmentActivity()
com.example.uhf.view.LazyViewPager: int getOffscreenPageLimit()
com.example.uhf.view.LazyViewPager: int getPageMargin()
com.example.uhf.activity.UHFMainActivity: UHFMainActivity()
com.example.uhf.view.LazyViewPager: void setScrollingCacheEnabled(boolean)
com.example.uhf.filebrowser.IconifiedTextView: void setIcon(android.graphics.drawable.Drawable)
com.example.uhf.filebrowser.FileManagerActivity
com.example.uhf.view.LazyViewPager: void setCurrentItem(int)
com.example.uhf.view.LazyViewPager: void setOnPageChangeListener(com.example.uhf.view.LazyViewPager$OnPageChangeListener)
com.example.uhf.view.LazyViewPager: LazyViewPager(android.content.Context,android.util.AttributeSet)
com.example.uhf.view.LazyViewPager: void setOffscreenPageLimit(int)
com.example.uhf.view.LazyViewPager
com.example.uhf.view.NoScrollViewPager: void setNoScroll(boolean)
com.example.uhf.fragment.GPIOFragment: void InputClick(android.view.View)
com.example.uhf.view.LazyViewPager: void setPageMarginDrawable(int)
com.example.uhf.activity.UsbReceiver
com.example.uhf.filebrowser.FileManagerActivity: FileManagerActivity()
com.example.uhf.view.LazyViewPager$SavedState: android.os.Parcelable$Creator CREATOR
com.example.uhf.activity.UHFMainActivity
com.example.uhf.fragment.UHFSetFragment
com.example.uhf.filebrowser.IconifiedTextView
com.example.uhf.activity.UsbReceiver: UsbReceiver()
com.example.uhf.fragment.GPIOFragment: void Output4OnClick(android.view.View)
...
com.google.android.material.R$attr: int tabIndicator
jxl.biff.formula.ParseItem: void setAlternateCode()
com.rscja.deviceapi.R$styleable: int MenuItem_android_icon
com.rscja.deviceapi.FingerprintWithFIPS: void stopGRAB()
com.google.android.material.R$style: int Base_V14_Theme_MaterialComponents_Light_Dialog
androidx.vectordrawable.graphics.drawable.VectorDrawableCompat$VGroup: android.graphics.Matrix getLocalMatrix()
com.hsm.barcode.DecoderConfigValues$SymbologyFlags: int SYMBOLOGY_RSX_ENABLE_MASK
com.rscja.deviceapi.R$color: int mtrl_btn_transparent_bg_color
com.rscja.deviceapi.R$style: int Base_Widget_AppCompat_Spinner_Underlined
jxl.write.biff.WritableWorkbookImpl
jxl.write.biff.CellValue: void columnRemoved(jxl.Sheet,int,int)
jxl.write.biff.ReadDateFormulaRecord: boolean isTime()
jxl.read.biff.StringFormulaRecord: byte[] data
com.google.android.material.R$integer: int mtrl_card_anim_delay_ms
com.google.android.material.R$styleable: int BottomSheetBehavior_Layout_behavior_expandedOffset
androidx.recyclerview.widget.RecyclerView: android.widget.EdgeEffect mBottomGlow
jxl.biff.DVParser: boolean suppressArrow
com.rscja.deviceapi.R$integer: int mtrl_card_anim_duration_ms
com.rscja.deviceapi.Barcode1D: Barcode1D()
jxl.biff.drawing.Comment: jxl.biff.drawing.EscherContainer getReadSpContainer()
jxl.biff.FormattingRecords: jxl.format.RGB getColourRGB(jxl.format.Colour)
jxl.biff.formula.ColumnRange3d: int sheet
jxl.biff.formula.Function: jxl.biff.formula.Function EXP
androidx.appcompat.R$dimen: int highlight_alpha_material_colored
com.google.android.material.R$attr: int drawableEndCompat
androidx.appcompat.R$attr: int titleTextAppearance
jxl.format.PaperSize: jxl.format.PaperSize GERMAN_FANFOLD
androidx.appcompat.R$dimen: int tooltip_precise_anchor_threshold
jxl.write.biff.FormulaRecord: java.lang.String formulaString
jxl.format.PaperSize: jxl.format.PaperSize SIZE_10x11
jxl.biff.DataValiditySettingsRecord: DataValiditySettingsRecord(jxl.biff.DVParser)
com.google.android.material.button.MaterialButton: java.lang.String getA11yClassName()
jxl.biff.formula.StringFormulaParser: jxl.WorkbookSettings settings
com.rscja.deviceapi.FingerprintWithFIPS: int verifyALL()
androidx.appcompat.R$styleable: int[] ActionMenuView
jxl.write.biff.LabelRecord: java.lang.Class class$(java.lang.String)
com.google.android.material.R$style: int Base_MaterialAlertDialog_MaterialComponents_Title_Text
com.google.android.material.R$string: int status_bar_notification_info_overflow
com.rscja.deviceapi.entity.HF15693RequestEntity: byte desfid
jxl.biff.drawing.ComboBox: jxl.biff.drawing.ShapeType getType()
com.google.android.material.R$dimen: int design_bottom_sheet_elevation
jxl.Image: double getHeight()
androidx.appcompat.R$style: int Base_V21_Theme_AppCompat
androidx.appcompat.R$style: int TextAppearance_AppCompat_Widget_PopupMenu_Header
jxl.biff.FormatRecord: boolean equals(java.lang.Object)
com.rscja.deviceapi.R$id: int notification_background
com.rscja.deviceapi.R$styleable: int AppBarLayout_android_touchscreenBlocksFocus
jxl.write.WritableCellFeatures: jxl.biff.BaseCellFeatures$ValidationCondition EQUAL
androidx.appcompat.R$dimen: int compat_button_inset_horizontal_material
jxl.biff.FontRecord: java.lang.String name
androidx.appcompat.R$id: int accessibility_custom_action_26
com.google.android.material.R$attr: int actionViewClass
androidx.appcompat.widget.SearchView: SearchView(android.content.Context,android.util.AttributeSet,int)
com.rscja.deviceapi.R$color: int switch_thumb_normal_material_dark
com.hsm.barcode.ImagerProperties: int PSOCMinorRev
com.rscja.deviceapi.R$id: int italic
androidx.recyclerview.R$styleable: int FontFamilyFont_android_fontVariationSettings
com.rscja.deviceapi.b: b()
com.google.android.material.R$string: int abc_searchview_description_submit
com.hsm.barcode.IQImagingProperties: int Format
com.rscja.deviceapi.entity.HF14443RequestEntity: byte[] id
jxl.biff.drawing.PNGReader: int resolutionUnit