app/build/outputs/mapping/release/mapping.txt
# compiler: R8
# compiler_version: 2.0.88
# min_api: 22
# pg_map_id: 51ca8e3
# common_typos_disable
com.example.uhf.activity.BaseTabFragmentActivity -> com.example.uhf.activity.a:
    android.app.ActionBar mActionBar -> A
    android.os.Handler exportDataHandler -> u
    com.example.uhf.fragment.KeyDownFragment currentFragment -> q
    java.lang.Runnable exportDataRunnable -> x
    java.util.List lstTitles -> z
    java.util.List lstFrg -> y
    com.rscja.deviceapi.RFIDWithUHFA8 mReader -> r
    com.example.uhf.view.NoScrollViewPager mViewPager -> B
    boolean startup -> s
    android.app.ActionBar$TabListener mTabListener -> D
    com.example.uhf.fragment.UHFReadTagFragment uhfReadTagFragment -> t
    long wait_time -> v
    com.example.uhf.adapter.ViewPagerAdapter mViewPagerAdapter -> C
    long EXPORT_DATA_INTERVAL -> w
    java.lang.CharSequence getTabTitle(int) -> A
    void getUHFTemperature() -> B
    void getUHFVersion() -> C
    void initTabs() -> D
    void initUHF() -> E
    void initViewPager() -> F
    void onTabReselected(android.app.ActionBar$Tab) -> G
    void onTabSelected(android.app.ActionBar$Tab) -> H
    void scheduleExportData() -> I
    void toastMessage(java.lang.String) -> J
    void access$000(com.example.uhf.activity.BaseTabFragmentActivity) -> u
    void access$100(com.example.uhf.activity.BaseTabFragmentActivity) -> v
    float access$200(com.example.uhf.activity.BaseTabFragmentActivity,float,float,int) -> w
    void addTab(int) -> x
    float div(float,float,int) -> y
    void exportData() -> z
com.example.uhf.activity.BaseTabFragmentActivity$1 -> com.example.uhf.activity.a$a:
    com.example.uhf.activity.BaseTabFragmentActivity this$0 -> b
com.example.uhf.activity.BaseTabFragmentActivity$2 -> com.example.uhf.activity.a$b:
    com.example.uhf.activity.BaseTabFragmentActivity this$0 -> a
com.example.uhf.activity.BaseTabFragmentActivity$ExcelTask -> com.example.uhf.activity.a$c:
    android.app.ProgressDialog mypDialog -> a
    com.example.uhf.activity.BaseTabFragmentActivity this$0 -> f
    boolean isSotp -> c
    java.lang.String path -> e
    android.app.Activity mContxt -> b
    java.lang.String pathRoot -> d
    java.lang.Boolean doInBackground(java.lang.String[]) -> a
    void notifySystemToScan(java.io.File) -> b
    void onPostExecute(java.lang.Boolean) -> c
    void onProgressUpdate(java.lang.Integer[]) -> d
com.example.uhf.activity.BaseTabFragmentActivity$ExcelTask$1 -> com.example.uhf.activity.a$c$a:
    com.example.uhf.activity.BaseTabFragmentActivity$ExcelTask this$1 -> b
com.example.uhf.activity.BaseTabFragmentActivity$InitTask -> com.example.uhf.activity.a$d:
    android.app.ProgressDialog mypDialog -> a
    com.example.uhf.activity.BaseTabFragmentActivity this$0 -> b
    java.lang.Boolean doInBackground(java.lang.String[]) -> a
    void onPostExecute(java.lang.Boolean) -> b
com.example.uhf.activity.UHFMainActivity -> com.example.uhf.activity.UHFMainActivity:
    boolean isBuzzer -> E
    void checkReadWritePermission() -> K
    void free() -> L
    void initViewPageData2() -> M
    void led() -> N
    void playSound() -> O
    void playSound(int) -> P
    boolean vailHexInput(java.lang.String) -> Q
com.example.uhf.activity.UsbDeviceCallback -> com.example.uhf.activity.b:
    void onUsbDeviceConnected(java.lang.String) -> a
    void onUsbDeviceDisconnected(java.lang.String) -> b
com.example.uhf.activity.UsbReceiver -> com.example.uhf.activity.UsbReceiver:
    com.example.uhf.activity.UsbDeviceCallback usbDeviceCallback -> a
com.example.uhf.adapter.ViewPagerAdapter -> c.b.a.a.a:
    java.util.List lstFrg -> f
    java.util.List lstTitles -> g
    int getCount() -> c
    androidx.fragment.app.Fragment getItem(int) -> m
    java.lang.CharSequence getPageTitle(int) -> p
...
com.google.android.material.R$attr -> c.c.a.a.b:
com.google.android.material.R$color -> c.c.a.a.c:
com.google.android.material.R$dimen -> c.c.a.a.d:
com.google.android.material.R$drawable -> c.c.a.a.e:
com.google.android.material.R$id -> c.c.a.a.f:
com.google.android.material.R$integer -> c.c.a.a.g:
com.google.android.material.R$layout -> c.c.a.a.h:
com.google.android.material.R$string -> c.c.a.a.i:
com.google.android.material.R$style -> c.c.a.a.j:
com.google.android.material.R$styleable -> c.c.a.a.k:
com.google.android.material.animation.AnimationUtils -> c.c.a.a.l.a:
    android.animation.TimeInterpolator LINEAR_INTERPOLATOR -> a
    android.animation.TimeInterpolator FAST_OUT_SLOW_IN_INTERPOLATOR -> b
    android.animation.TimeInterpolator FAST_OUT_LINEAR_IN_INTERPOLATOR -> c
    android.animation.TimeInterpolator LINEAR_OUT_SLOW_IN_INTERPOLATOR -> d
    android.animation.TimeInterpolator DECELERATE_INTERPOLATOR -> e
    float lerp(float,float,float) -> a
com.google.android.material.animation.AnimatorSetCompat -> c.c.a.a.l.b:
    void playTogether(android.animation.AnimatorSet,java.util.List) -> a
com.google.android.material.animation.ArgbEvaluatorCompat -> c.c.a.a.l.c:
    com.google.android.material.animation.ArgbEvaluatorCompat instance -> a
    java.lang.Integer evaluate(float,java.lang.Integer,java.lang.Integer) -> a
    com.google.android.material.animation.ArgbEvaluatorCompat getInstance() -> b
com.google.android.material.animation.ChildrenAlphaProperty -> c.c.a.a.l.d:
    android.util.Property CHILDREN_ALPHA -> a
    java.lang.Float get(android.view.ViewGroup) -> a
    void set(android.view.ViewGroup,java.lang.Float) -> b
com.google.android.material.animation.DrawableAlphaProperty -> c.c.a.a.l.e:
    android.util.Property DRAWABLE_ALPHA_COMPAT -> b
    java.util.WeakHashMap alphaCache -> a
    java.lang.Integer get(android.graphics.drawable.Drawable) -> a
    void set(android.graphics.drawable.Drawable,java.lang.Integer) -> b
com.google.android.material.animation.ImageMatrixProperty -> c.c.a.a.l.f:
    android.graphics.Matrix matrix -> a
    android.graphics.Matrix get(android.widget.ImageView) -> a
    void set(android.widget.ImageView,android.graphics.Matrix) -> b
com.google.android.material.animation.MatrixEvaluator -> c.c.a.a.l.g:
    android.graphics.Matrix tempMatrix -> c
    float[] tempStartValues -> a
    float[] tempEndValues -> b
    android.graphics.Matrix evaluate(float,android.graphics.Matrix,android.graphics.Matrix) -> a
com.google.android.material.animation.MotionSpec -> c.c.a.a.l.h:
    androidx.collection.SimpleArrayMap timings -> a
    androidx.collection.SimpleArrayMap propertyValues -> b
    void addInfoFromAnimator(com.google.android.material.animation.MotionSpec,android.animation.Animator) -> a
    com.google.android.material.animation.MotionSpec createFromAttribute(android.content.Context,android.content.res.TypedArray,int) -> b
    com.google.android.material.animation.MotionSpec createFromResource(android.content.Context,int) -> c
    com.google.android.material.animation.MotionSpec createSpecFromAnimators(java.util.List) -> d
    com.google.android.material.animation.MotionTiming getTiming(java.lang.String) -> e
    long getTotalDuration() -> f
    boolean hasTiming(java.lang.String) -> g
    void setPropertyValues(java.lang.String,android.animation.PropertyValuesHolder[]) -> h
    void setTiming(java.lang.String,com.google.android.material.animation.MotionTiming) -> i