app/build/outputs/mapping/release/usage.txt
com.example.uhf.R$array
com.example.uhf.BuildConfig
com.example.uhf.receiver.BootBroadcastReceiver
com.example.uhf.fragment.UHFSetFragment$MyOnTouchListener
com.example.uhf.R$xml
com.example.uhf.fragment.UHFLockFragment:
    private static final java.lang.String TAG
com.example.uhf.fragment.UHFTagAntMsgFragment$1
com.example.uhf.R$color
com.example.uhf.fragment.UHFSetFragment$6
com.example.uhf.filebrowser.FileManagerActivity$2
com.example.uhf.tools.FileTool
com.example.uhf.service.TcpService
com.example.uhf.fragment.UHFUpgradeFragment:
    private void ss()
com.example.uhf.view.NoScrollViewPager:
    public void <init>(android.content.Context)
com.example.uhf.R$style
com.example.uhf.filebrowser.IResultData
com.example.uhf.R$id
com.example.uhf.fragment.UHFTagAntMsgFragment$TagThread
com.example.uhf.R$integer
com.example.uhf.R$string
com.example.uhf.fragment.UHFSetFragment$7
com.example.uhf.R$animator
com.example.uhf.tools.UIHelper$1
com.example.uhf.R$interpolator
com.example.uhf.R$dimen
com.example.uhf.fragment.BlockWriteFragment
com.example.uhf.R$anim
com.example.uhf.filebrowser.FileManagerActivity$1
com.example.uhf.view.LazyViewPager$SimpleOnPageChangeListener
com.example.uhf.R$raw
com.example.uhf.R$attr
com.example.uhf.BootBroadcastReceiver
com.example.uhf.AppContext
com.example.uhf.tools.StringUtils:
    public void <init>()
    public static java.lang.String replaceUrlWithPlus(java.lang.String)
    public static java.lang.Boolean isIP(java.lang.String)
    public static java.lang.Boolean isDomain(java.lang.String)
    public static java.lang.String trim(java.lang.String)
    public static int toInt(java.lang.Object)
    public static long toLong(java.lang.String)
    public static double toDouble(java.lang.String)
    public static boolean toBool(java.lang.String)
    public static java.lang.Boolean isInt(java.lang.String)
    public static java.lang.String getTimeString()
    public static java.lang.String getTimeFormat(long)
    public static boolean isHexNumber(java.lang.String)
    public static char[] HexStringToChars(java.lang.String)
com.example.uhf.fragment.UHFTagAntMsgFragment
com.example.uhf.R$drawable
com.example.uhf.tools.ExcelUtils:
    public void writeToExcel(java.lang.String[])
    public void writeToExcel(java.util.List)
com.example.uhf.R$plurals
com.example.uhf.fragment.BlockWriteFragment$2
com.example.uhf.activity.BaseTabFragmentActivity:
    private void sleepTime(long)
    public java.lang.String GetTimesyyyymmddhhmmss()
    private static final java.lang.String TAG
com.example.uhf.filebrowser.FileManagerActivity:
    public void fileOptMenu(java.io.File)
com.example.uhf.fragment.BlockWriteFragment$1
com.example.uhf.fragment.UHFKillFragment:
    private static final java.lang.String TAG
com.example.uhf.R$bool
com.example.uhf.filebrowser.IconifiedTextListAdapter:
    public void addItem(com.example.uhf.filebrowser.IconifiedText)
    public boolean areAllItemsSelectable()
    public boolean isSelectable(int)
com.example.uhf.activity.UHFMainActivity:
    private androidx.fragment.app.FragmentTabHost mTabHost
    private androidx.fragment.app.FragmentManager fm
    private static final java.lang.String TAG
com.example.uhf.R$layout
com.example.uhf.tools.UIHelper:
    public void <init>()
    public static void alert(android.app.Activity,int,int,int)
com.example.uhf.fragment.UHFKillFragment$CustomTextWatcher:
    private static final java.lang.String TAG
com.example.uhf.fragment.UHFWriteFragment:
    private static final java.lang.String TAG
com.example.uhf.tools.NumberTool:
    public void <init>()
    public static double getPointDouble(int,int)
    public static double getPointDouble(int,long)
    public static double getPointDouble(int,java.lang.String)
com.example.uhf.R
com.example.uhf.filebrowser.IconifiedText:
    public boolean isSelectable()
    public void setSelectable(boolean)
    public void setText(java.lang.String)
    public void setIcon(android.graphics.drawable.Drawable)
...
com.google.android.material.datepicker.MaterialStyledDatePickerDialog
androidx.appcompat.widget.AppCompatToggleButton:
    public void <init>(android.content.Context)
androidx.viewpager2.widget.ViewPager2$BasicAccessibilityProvider
android.support.v4.app.INotificationSideChannel$Stub
androidx.core.app.JobIntentService$JobServiceEngineImpl
androidx.media.MediaBrowserServiceCompat$1
androidx.vectordrawable.R$attr
com.aqibmalik.usb_path.R$styleable
com.rscja.team.qcom.deviceapi.i:
    public byte[] c()
    public byte[] a()
    public synchronized int b()
    public synchronized int d()
androidx.core.app.BundleCompat:
    private void <init>()
    public static void putBinder(android.os.Bundle,java.lang.String,android.os.IBinder)
com.lidroid.xutils.bitmap.BitmapGlobalConfig$BitmapCacheManagementTask
androidx.appcompat.widget.ActivityChooserModel$PersistHistoryAsyncTask
android.support.v4.media.MediaBrowserCompat$MediaBrowserImplBase$3
com.zebra.adc.decoder.Barcode2DSoftCommon
androidx.loader.content.CursorLoader
androidx.core.app.NavUtils:
    public static void navigateUpFromSameTask(android.app.Activity)
    public static android.content.Intent getParentActivityIntent(android.content.Context,java.lang.Class)
    private void <init>()
    private static final java.lang.String TAG
    public static final java.lang.String PARENT_ACTIVITY
androidx.core.graphics.ColorUtils:
    private void <init>()
    public static android.graphics.Color compositeColors(android.graphics.Color,android.graphics.Color)
    public static double calculateLuminance(int)
    public static double calculateContrast(int,int)
    public static int calculateMinimumAlpha(int,int,float)
    public static void RGBToHSL(int,int,int,float[])
    public static void colorToHSL(int,float[])
    public static int HSLToColor(float[])
    public static void colorToLAB(int,double[])
    public static void RGBToLAB(int,int,int,double[])
    public static void colorToXYZ(int,double[])
    public static void RGBToXYZ(int,int,int,double[])
    public static void XYZToLAB(double,double,double,double[])
    public static void LABToXYZ(double,double,double,double[])
    public static int XYZToColor(double,double,double)
    public static int LABToColor(double,double,double)
    public static double distanceEuclidean(double[],double[])
    private static float constrain(float,float,float)
    private static int constrain(int,int,int)
    private static double pivotXyzComponent(double)
    public static int blendARGB(int,int,float)
    public static void blendHSL(float[],float[],float,float[])
    public static void blendLAB(double[],double[],double,double[])
    static float circularInterpolate(float,float,float)
    private static double[] getTempDouble3Array()
    private static final double XYZ_WHITE_REFERENCE_X
androidx.recyclerview.widget.RecyclerView$SimpleOnItemTouchListener
com.lidroid.xutils.http.SyncHttpHandler
com.lidroid.xutils.view.ViewFinder
androidx.constraintlayout.widget.Placeholder
androidx.coordinatorlayout.widget.DirectedAcyclicGraph:
    int size()
androidx.media.R$attr
androidx.core.content.res.ResourcesCompat:
    public static android.graphics.drawable.Drawable getDrawableForDensity(android.content.res.Resources,int,int,android.content.res.Resources$Theme)
    public static int getColor(android.content.res.Resources,int,android.content.res.Resources$Theme)
    public static android.content.res.ColorStateList getColorStateList(android.content.res.Resources,int,android.content.res.Resources$Theme)
    public static float getFloat(android.content.res.Resources,int)
    private void <init>()
    private static final java.lang.String TAG
    public static final int ID_NULL
androidx.viewpager2.R$string
com.rscja.team.mtk.deviceapi.h$b
com.google.android.material.internal.ViewUtils$2
androidx.media.MediaBrowserServiceCompat$MediaBrowserServiceImplApi21